<?xml version="1.0"?>
<!DOCTYPE coverage SYSTEM "http://cobertura.sourceforge.net/xml/coverage-04.dtd">
<coverage 
line-rate="1.00" lines-valid="61" lines-covered="61" branches-valid="4" branches-covered="4" branch-rate="1.00" complexity="0" version="1.0" timestamp="1616181484967">
    <sources>
        <source>--source</source>
        <source>C:/Users/Slava_t47/Downloads/Homeworks/12 Unit Test/src/main/scala</source>
    </sources>
    <packages>
        <package name="&lt;empty&gt;" line-rate="1.00" branch-rate="1.00" complexity="0">
            <classes>
                <class name="Calculator" filename="Calculator.scala" line-rate="1.00" branch-rate="1.00" complexity="0">
                    <methods>
                        <method name="&lt;empty&gt;/Calculator/multiply" signature="()V" line-rate="1.00" branch-rate="1.00" complexity="0">
                            <lines>
                                <line number="16" hits="1" branch="false"/>
                                <line number="16" hits="1" branch="false"/>
                                <line number="16" hits="1" branch="false"/>
                                <line number="16" hits="1" branch="false"/>
                                <line number="16" hits="1" branch="false"/>
                            </lines>
                        </method>
                        <method name="&lt;empty&gt;/Calculator/divide" signature="()V" line-rate="1.00" branch-rate="1.00" complexity="0">
                            <lines>
                                <line number="17" hits="1" branch="false"/>
                                <line number="17" hits="1" branch="false"/>
                                <line number="17" hits="1" branch="false"/>
                                <line number="17" hits="1" branch="false"/>
                                <line number="17" hits="1" branch="false"/>
                            </lines>
                        </method>
                        <method name="&lt;empty&gt;/Calculator/plus" signature="()V" line-rate="1.00" branch-rate="1.00" complexity="0">
                            <lines>
                                <line number="14" hits="1" branch="false"/>
                                <line number="14" hits="1" branch="false"/>
                                <line number="14" hits="1" branch="false"/>
                                <line number="14" hits="1" branch="false"/>
                                <line number="14" hits="1" branch="false"/>
                            </lines>
                        </method>
                        <method name="&lt;empty&gt;/Calculator/calculate" signature="()V" line-rate="1.00" branch-rate="1.00" complexity="0">
                            <lines>
                                <line number="23" hits="1" branch="false"/>
                                <line number="49" hits="1" branch="false"/>
                                <line number="40" hits="1" branch="false"/>
                                <line number="27" hits="1" branch="false"/>
                                <line number="31" hits="1" branch="false"/>
                                <line number="46" hits="1" branch="false"/>
                                <line number="31" hits="1" branch="false"/>
                                <line number="37" hits="1" branch="false"/>
                                <line number="23" hits="1" branch="false"/>
                                <line number="44" hits="1" branch="false"/>
                                <line number="27" hits="1" branch="false"/>
                                <line number="32" hits="1" branch="false"/>
                                <line number="34" hits="1" branch="false"/>
                                <line number="35" hits="1" branch="false"/>
                                <line number="44" hits="1" branch="false"/>
                                <line number="43" hits="1" branch="false"/>
                                <line number="32" hits="1" branch="false"/>
                                <line number="40" hits="1" branch="false"/>
                                <line number="23" hits="1" branch="false"/>
                                <line number="27" hits="1" branch="false"/>
                                <line number="45" hits="1" branch="false"/>
                                <line number="37" hits="1" branch="false"/>
                                <line number="23" hits="1" branch="false"/>
                                <line number="31" hits="1" branch="false"/>
                                <line number="50" hits="1" branch="false"/>
                                <line number="32" hits="1" branch="false"/>
                                <line number="27" hits="1" branch="false"/>
                                <line number="49" hits="1" branch="false"/>
                                <line number="46" hits="1" branch="false"/>
                                <line number="35" hits="1" branch="false"/>
                                <line number="22" hits="1" branch="false"/>
                                <line number="31" hits="1" branch="false"/>
                                <line number="43" hits="1" branch="false"/>
                                <line number="20" hits="1" branch="false"/>
                                <line number="34" hits="1" branch="false"/>
                                <line number="27" hits="1" branch="false"/>
                                <line number="32" hits="1" branch="false"/>
                                <line number="36" hits="1" branch="false"/>
                                <line number="42" hits="1" branch="false"/>
                                <line number="23" hits="1" branch="false"/>
                                <line number="26" hits="1" branch="false"/>
                            </lines>
                        </method>
                        <method name="&lt;empty&gt;/Calculator/minus" signature="()V" line-rate="1.00" branch-rate="1.00" complexity="0">
                            <lines>
                                <line number="15" hits="1" branch="false"/>
                                <line number="15" hits="1" branch="false"/>
                                <line number="15" hits="1" branch="false"/>
                                <line number="15" hits="1" branch="false"/>
                                <line number="15" hits="1" branch="false"/>
                            </lines>
                        </method>
                    </methods>
                    <lines>
                        <line number="23" hits="1" branch="false"/>
                        <line number="49" hits="1" branch="false"/>
                        <line number="40" hits="1" branch="false"/>
                        <line number="27" hits="1" branch="false"/>
                        <line number="31" hits="1" branch="false"/>
                        <line number="46" hits="1" branch="false"/>
                        <line number="17" hits="1" branch="false"/>
                        <line number="15" hits="1" branch="false"/>
                        <line number="31" hits="1" branch="false"/>
                        <line number="37" hits="1" branch="false"/>
                        <line number="23" hits="1" branch="false"/>
                        <line number="16" hits="1" branch="false"/>
                        <line number="44" hits="1" branch="false"/>
                        <line number="27" hits="1" branch="false"/>
                        <line number="32" hits="1" branch="false"/>
                        <line number="34" hits="1" branch="false"/>
                        <line number="17" hits="1" branch="false"/>
                        <line number="14" hits="1" branch="false"/>
                        <line number="14" hits="1" branch="false"/>
                        <line number="16" hits="1" branch="false"/>
                        <line number="35" hits="1" branch="false"/>
                        <line number="44" hits="1" branch="false"/>
                        <line number="43" hits="1" branch="false"/>
                        <line number="32" hits="1" branch="false"/>
                        <line number="40" hits="1" branch="false"/>
                        <line number="14" hits="1" branch="false"/>
                        <line number="16" hits="1" branch="false"/>
                        <line number="23" hits="1" branch="false"/>
                        <line number="27" hits="1" branch="false"/>
                        <line number="17" hits="1" branch="false"/>
                        <line number="15" hits="1" branch="false"/>
                        <line number="45" hits="1" branch="false"/>
                        <line number="37" hits="1" branch="false"/>
                        <line number="23" hits="1" branch="false"/>
                        <line number="31" hits="1" branch="false"/>
                        <line number="50" hits="1" branch="false"/>
                        <line number="15" hits="1" branch="false"/>
                        <line number="32" hits="1" branch="false"/>
                        <line number="14" hits="1" branch="false"/>
                        <line number="17" hits="1" branch="false"/>
                        <line number="27" hits="1" branch="false"/>
                        <line number="49" hits="1" branch="false"/>
                        <line number="46" hits="1" branch="false"/>
                        <line number="35" hits="1" branch="false"/>
                        <line number="22" hits="1" branch="false"/>
                        <line number="31" hits="1" branch="false"/>
                        <line number="17" hits="1" branch="false"/>
                        <line number="15" hits="1" branch="false"/>
                        <line number="43" hits="1" branch="false"/>
                        <line number="20" hits="1" branch="false"/>
                        <line number="34" hits="1" branch="false"/>
                        <line number="14" hits="1" branch="false"/>
                        <line number="16" hits="1" branch="false"/>
                        <line number="27" hits="1" branch="false"/>
                        <line number="32" hits="1" branch="false"/>
                        <line number="16" hits="1" branch="false"/>
                        <line number="36" hits="1" branch="false"/>
                        <line number="42" hits="1" branch="false"/>
                        <line number="23" hits="1" branch="false"/>
                        <line number="15" hits="1" branch="false"/>
                        <line number="26" hits="1" branch="false"/>
                    </lines>
                </class>
            </classes>
        </package>
    </packages>
</coverage>
