<?xml version='1.0' encoding='UTF-8'?>
<testsuite hostname="Slava_t47-pc" name="CalculatorSpec" tests="5" errors="0" failures="0" skipped="0" time="0.033" timestamp="2021-03-19T22:18:50">
                     <properties>
[...]
</properties>
                     <testcase classname="CalculatorSpec" name="Test calculator plus" time="0.028">
                                                 
                                               </testcase><testcase classname="CalculatorSpec" name="Test calculator minus" time="0.002">
                                                 
                                               </testcase><testcase classname="CalculatorSpec" name="Test calculator multiply" time="0.002">
                                                 
                                               </testcase><testcase classname="CalculatorSpec" name="Test calculator divide" time="0.001">
                                                 
                                               </testcase><testcase classname="CalculatorSpec" name="Test calculator command" time="0.0">
                                                 
                                               </testcase>
                     <system-out><![CDATA[]]></system-out>
                     <system-err><![CDATA[]]></system-err>
                   </testsuite>