<?xml version='1.0' encoding='UTF-8'?>
<testsuite hostname="SYSADM" name="CalculatorSpec" tests="18" errors="0" failures="0" skipped="0" time="0.047" timestamp="2021-03-19T15:50:40">
                     <properties>
[...]
</properties>
                     <testcase classname="CalculatorSpec" name="test - print input is not correct" time="0.036">
                                                 
                                               </testcase><testcase classname="CalculatorSpec" name="test - addition of two positive numbers" time="0.002">
                                                 
                                               </testcase><testcase classname="CalculatorSpec" name="test - addition of a positive and negative number" time="0.0">
                                                 
                                               </testcase><testcase classname="CalculatorSpec" name="test - addition of two negative numbers" time="0.0">
                                                 
                                               </testcase><testcase classname="CalculatorSpec" name="test - addition of a number and its inverse gives zero" time="0.001">
                                                 
                                               </testcase><testcase classname="CalculatorSpec" name="test - difference of two positive numbers" time="0.001">
                                                 
                                               </testcase><testcase classname="CalculatorSpec" name="test - difference of positive and negative numbers" time="0.0">
                                                 
                                               </testcase><testcase classname="CalculatorSpec" name="test - difference of two negative numbers" time="0.001">
                                                 
                                               </testcase><testcase classname="CalculatorSpec" name="test - division of two positive gives a positive" time="0.001">
                                                 
                                               </testcase><testcase classname="CalculatorSpec" name="test - division of two negative numbers" time="0.0">
                                                 
                                               </testcase><testcase classname="CalculatorSpec" name="test - dividing a negative number by its own gives one" time="0.0">
                                                 
                                               </testcase><testcase classname="CalculatorSpec" name="test - division of positive and negative gives a negative" time="0.001">
                                                 
                                               </testcase><testcase classname="CalculatorSpec" name="test - dividing zero by a number" time="0.0">
                                                 
                                               </testcase><testcase classname="CalculatorSpec" name="test - dividing a number by zero gives an error" time="0.002">
                                                 
                                               </testcase><testcase classname="CalculatorSpec" name="test - multiplying a number by 0 gives 0" time="0.002">
                                                 
                                               </testcase><testcase classname="CalculatorSpec" name="test - multiplying of two positive numbers" time="0.0">
                                                 
                                               </testcase><testcase classname="CalculatorSpec" name="test - multiplying positive and negative numbers gives a negative" time="0.0">
                                                 
                                               </testcase><testcase classname="CalculatorSpec" name="test - multiplying two negative numbers gives a positive" time="0.0">
                                                 
                                               </testcase>
                     <system-out><![CDATA[]]></system-out>
                     <system-err><![CDATA[]]></system-err>
                   </testsuite>